Flow report for Block_diagram
Mon Dec 22 18:47:11 2025
Quartus II Version 9.1 Build 350 03/24/2010 Service Pack 2 SJ Web Edition


---------------------
; Table of Contents ;
---------------------
  1. Legal Notice
  2. Flow Summary
  3. Flow Settings
  4. Flow Non-Default Global Settings
  5. Flow Elapsed Time
  6. Flow OS Summary
  7. Flow Log



----------------
; Legal Notice ;
----------------
Copyright (C) 1991-2010 Altera Corporation
Your use of Altera Corporation's design tools, logic functions 
and other software and tools, and its AMPP partner logic 
functions, and any output files from any of the foregoing 
(including device programming or simulation files), and any 
associated documentation or information are expressly subject 
to the terms and conditions of the Altera Program License 
Subscription Agreement, Altera MegaCore Function License 
Agreement, or other applicable license agreement, including, 
without limitation, that your use is for the sole purpose of 
programming logic devices manufactured by Altera and sold by 
Altera or its authorized distributors.  Please refer to the 
applicable agreement for further details.



+-----------------------------------------------------------------------------------+
; Flow Summary                                                                      ;
+------------------------------------+----------------------------------------------+
; Flow Status                        ; Successful - Mon Dec 22 18:47:11 2025        ;
; Quartus II Version                 ; 9.1 Build 350 03/24/2010 SP 2 SJ Web Edition ;
; Revision Name                      ; Block_diagram                                ;
; Top-level Entity Name              ; Block_diagram                                ;
; Family                             ; Cyclone II                                   ;
; Device                             ; EP2C35F672C6                                 ;
; Timing Models                      ; Final                                        ;
; Met timing requirements            ; Yes                                          ;
; Total logic elements               ; 5,728 / 33,216 ( 17 % )                      ;
;     Total combinational functions  ; 3,663 / 33,216 ( 11 % )                      ;
;     Dedicated logic registers      ; 4,265 / 33,216 ( 13 % )                      ;
; Total registers                    ; 4265                                         ;
; Total pins                         ; 18 / 475 ( 4 % )                             ;
; Total virtual pins                 ; 0                                            ;
; Total memory bits                  ; 32,768 / 483,840 ( 7 % )                     ;
; Embedded Multiplier 9-bit elements ; 0 / 70 ( 0 % )                               ;
; Total PLLs                         ; 0 / 4 ( 0 % )                                ;
+------------------------------------+----------------------------------------------+


+-----------------------------------------+
; Flow Settings                           ;
+-------------------+---------------------+
; Option            ; Setting             ;
+-------------------+---------------------+
; Start date & time ; 12/22/2025 18:46:03 ;
; Main task         ; Compilation         ;
; Revision Name     ; Block_diagram       ;
+-------------------+---------------------+


+-------------------------------------------------------------------------------------------------------------------------------------------------------+
; Flow Non-Default Global Settings                                                                                                                      ;
+--------------------------------------+-----------------------------------------------------------------+---------------+-------------+----------------+
; Assignment Name                      ; Value                                                           ; Default Value ; Entity Name ; Section Id     ;
+--------------------------------------+-----------------------------------------------------------------+---------------+-------------+----------------+
; COMPILER_SIGNATURE_ID                ; 251413963028077.176643996320904                                 ; --            ; --          ; --             ;
; EDA_NATIVELINK_SIMULATION_TEST_BENCH ; tb_Ram_512x8                                                    ; --            ; --          ; eda_simulation ;
; EDA_OUTPUT_DATA_FORMAT               ; Vhdl                                                            ; --            ; --          ; eda_simulation ;
; EDA_SIMULATION_TOOL                  ; ModelSim-Altera (VHDL)                                          ; <None>        ; --          ; --             ;
; EDA_TEST_BENCH_ENABLE_STATUS         ; TEST_BENCH_MODE                                                 ; --            ; --          ; eda_simulation ;
; IP_TOOL_NAME                         ; ROM: 1-PORT                                                     ; --            ; --          ; --             ;
; IP_TOOL_NAME                         ; LPM_MUX                                                         ; --            ; --          ; --             ;
; IP_TOOL_VERSION                      ; 9.1                                                             ; --            ; --          ; --             ;
; IP_TOOL_VERSION                      ; 9.1                                                             ; --            ; --          ; --             ;
; MAX_CORE_JUNCTION_TEMP               ; 85                                                              ; --            ; --          ; --             ;
; MIN_CORE_JUNCTION_TEMP               ; 0                                                               ; --            ; --          ; --             ;
; MISC_FILE                            ; rom_2048x16.bsf                                                 ; --            ; --          ; --             ;
; MISC_FILE                            ; rom_2048x16.inc                                                 ; --            ; --          ; --             ;
; MISC_FILE                            ; busmux_2x1.inc                                                  ; --            ; --          ; --             ;
; MISC_FILE                            ; C:/Users/bruno/Downloads/PUC252 oscar/PUC252h/Block_diagram.dpf ; --            ; --          ; --             ;
; PARTITION_COLOR                      ; 16764057                                                        ; --            ; --          ; Top            ;
; PARTITION_NETLIST_TYPE               ; SOURCE                                                          ; --            ; --          ; Top            ;
; USE_GENERATED_PHYSICAL_CONSTRAINTS   ; Off                                                             ; --            ; --          ; eda_blast_fpga ;
+--------------------------------------+-----------------------------------------------------------------+---------------+-------------+----------------+


+-----------------------------------------------------------------------------------------------------------------------------+
; Flow Elapsed Time                                                                                                           ;
+-------------------------+--------------+-------------------------+---------------------+------------------------------------+
; Module Name             ; Elapsed Time ; Average Processors Used ; Peak Virtual Memory ; Total CPU Time (on all processors) ;
+-------------------------+--------------+-------------------------+---------------------+------------------------------------+
; Analysis & Synthesis    ; 00:00:16     ; 1.0                     ; 275 MB              ; 00:00:17                           ;
; Fitter                  ; 00:00:34     ; 1.0                     ; 313 MB              ; 00:00:35                           ;
; Assembler               ; 00:00:02     ; 1.0                     ; 270 MB              ; 00:00:03                           ;
; Classic Timing Analyzer ; 00:00:04     ; 1.0                     ; 239 MB              ; 00:00:05                           ;
; EDA Netlist Writer      ; 00:00:03     ; 1.0                     ; 253 MB              ; 00:00:04                           ;
; Total                   ; 00:00:59     ; --                      ; --                  ; 00:01:04                           ;
+-------------------------+--------------+-------------------------+---------------------+------------------------------------+


+------------------------------------------------------------------------------------------+
; Flow OS Summary                                                                          ;
+-------------------------+------------------+---------------+------------+----------------+
; Module Name             ; Machine Hostname ; OS Name       ; OS Version ; Processor type ;
+-------------------------+------------------+---------------+------------+----------------+
; Analysis & Synthesis    ; acer             ; Windows Vista ; 6.2        ; x86_64         ;
; Fitter                  ; acer             ; Windows Vista ; 6.2        ; x86_64         ;
; Assembler               ; acer             ; Windows Vista ; 6.2        ; x86_64         ;
; Classic Timing Analyzer ; acer             ; Windows Vista ; 6.2        ; x86_64         ;
; EDA Netlist Writer      ; acer             ; Windows Vista ; 6.2        ; x86_64         ;
+-------------------------+------------------+---------------+------------+----------------+


------------
; Flow Log ;
------------
quartus_map --read_settings_files=on --write_settings_files=off PUC252 -c Block_diagram
quartus_fit --read_settings_files=off --write_settings_files=off PUC252 -c Block_diagram
quartus_asm --read_settings_files=off --write_settings_files=off PUC252 -c Block_diagram
quartus_tan --read_settings_files=off --write_settings_files=off PUC252 -c Block_diagram --timing_analysis_only
quartus_eda --read_settings_files=off --write_settings_files=off PUC252 -c Block_diagram



